[2023-07-25 17:32:25,096][tacto.renderer][INFO] - Loading configuration from: /home/osher/PycharmProjects/allsight_sim/experiments/../experiments/conf/sensor/config_allsight_rrrgggbbb.yml
[2023-07-25 17:32:26,031][pybulletX._wrapper][INFO] - Calling pybullet.setGravity(gravX=0, gravY=0, gravZ=-9.81, physicsClientId=0)
[2023-07-25 17:33:11,242][tacto.renderer][INFO] - Loading configuration from: /home/osher/PycharmProjects/allsight_sim/experiments/../experiments/conf/sensor/config_allsight_rrrgggbbb.yml
[2023-07-25 17:33:12,158][pybulletX._wrapper][INFO] - Calling pybullet.setGravity(gravX=0, gravY=0, gravZ=-9.81, physicsClientId=0)
[2023-07-25 17:33:56,371][tacto.renderer][INFO] - Loading configuration from: /home/osher/PycharmProjects/allsight_sim/experiments/../experiments/conf/sensor/config_allsight_rrrgggbbb.yml
[2023-07-25 17:33:57,211][pybulletX._wrapper][INFO] - Calling pybullet.setGravity(gravX=0, gravY=0, gravZ=-9.81, physicsClientId=0)
[2023-07-25 17:40:43,098][tacto.renderer][INFO] - Loading configuration from: /home/osher/PycharmProjects/allsight_sim/experiments/../experiments/conf/sensor/config_allsight_rrrgggbbb.yml
[2023-07-25 17:40:44,040][pybulletX._wrapper][INFO] - Calling pybullet.setGravity(gravX=0, gravY=0, gravZ=-9.81, physicsClientId=0)
[2023-07-25 17:45:43,820][tacto.renderer][INFO] - Loading configuration from: /home/osher/PycharmProjects/allsight_sim/experiments/../experiments/conf/sensor/config_allsight_rrrgggbbb.yml
[2023-07-25 17:45:44,777][pybulletX._wrapper][INFO] - Calling pybullet.setGravity(gravX=0, gravY=0, gravZ=-9.81, physicsClientId=0)
[2023-07-25 17:47:02,094][tacto.renderer][INFO] - Loading configuration from: /home/osher/PycharmProjects/allsight_sim/experiments/../experiments/conf/sensor/config_allsight_rrrgggbbb.yml
[2023-07-25 17:47:02,926][pybulletX._wrapper][INFO] - Calling pybullet.setGravity(gravX=0, gravY=0, gravZ=-9.81, physicsClientId=0)
[2023-07-25 17:48:18,477][tacto.renderer][INFO] - Loading configuration from: /home/osher/PycharmProjects/allsight_sim/experiments/../experiments/conf/sensor/config_allsight_rrrgggbbb.yml
[2023-07-25 17:48:19,278][pybulletX._wrapper][INFO] - Calling pybullet.setGravity(gravX=0, gravY=0, gravZ=-9.81, physicsClientId=0)
[2023-07-25 17:48:35,525][tacto.renderer][INFO] - Loading configuration from: /home/osher/PycharmProjects/allsight_sim/experiments/../experiments/conf/sensor/config_allsight_rrrgggbbb.yml
[2023-07-25 17:48:36,458][pybulletX._wrapper][INFO] - Calling pybullet.setGravity(gravX=0, gravY=0, gravZ=-9.81, physicsClientId=0)
[2023-07-25 17:50:22,575][tacto.renderer][INFO] - Loading configuration from: /home/osher/PycharmProjects/allsight_sim/experiments/../experiments/conf/sensor/config_allsight_rrrgggbbb.yml
[2023-07-25 17:50:23,441][pybulletX._wrapper][INFO] - Calling pybullet.setGravity(gravX=0, gravY=0, gravZ=-9.81, physicsClientId=0)
[2023-07-25 17:51:03,386][tacto.renderer][INFO] - Loading configuration from: /home/osher/PycharmProjects/allsight_sim/experiments/../experiments/conf/sensor/config_allsight_rrrgggbbb.yml
[2023-07-25 17:51:04,316][pybulletX._wrapper][INFO] - Calling pybullet.setGravity(gravX=0, gravY=0, gravZ=-9.81, physicsClientId=0)
[2023-07-25 17:51:15,545][tacto.renderer][INFO] - Loading configuration from: /home/osher/PycharmProjects/allsight_sim/experiments/../experiments/conf/sensor/config_allsight_rrrgggbbb.yml
[2023-07-25 17:51:16,388][pybulletX._wrapper][INFO] - Calling pybullet.setGravity(gravX=0, gravY=0, gravZ=-9.81, physicsClientId=0)
[2023-07-25 17:51:17,163][pybulletX.gui.control_panel][INFO] - name: base_139837120451472_x, low: -0.3, high: 0.3, init_value: 0.05
[2023-07-25 17:51:17,176][pybulletX.gui.control_panel][INFO] - name: base_139837120451472_y, low: -0.3, high: 0.3, init_value: 0.0
[2023-07-25 17:51:17,194][pybulletX.gui.control_panel][INFO] - name: base_139837120451472_z, low: 0, high: 0.3, init_value: 0.235
[2023-07-25 17:51:17,211][pybulletX.gui.control_panel][INFO] - name: base_139837120451472_euler_x, low: -3.141592653589793, high: 3.141592653589793, init_value: 0.0
[2023-07-25 17:51:17,226][pybulletX.gui.control_panel][INFO] - name: base_139837120451472_euler_y, low: -3.141592653589793, high: 3.141592653589793, init_value: -0.0
[2023-07-25 17:51:17,243][pybulletX.gui.control_panel][INFO] - name: base_139837120451472_euler_z, low: -3.141592653589793, high: 3.141592653589793, init_value: 0.0
[2023-07-25 18:00:55,895][tacto.renderer][INFO] - Loading configuration from: /home/osher/PycharmProjects/allsight_sim/experiments/../experiments/conf/sensor/config_allsight_rrrgggbbb.yml
[2023-07-25 18:00:56,900][pybulletX._wrapper][INFO] - Calling pybullet.setGravity(gravX=0, gravY=0, gravZ=-9.81, physicsClientId=0)
[2023-07-25 18:00:57,603][pybulletX.gui.control_panel][INFO] - name: base_139973688189840_x, low: -0.3, high: 0.3, init_value: 0.05
[2023-07-25 18:00:57,616][pybulletX.gui.control_panel][INFO] - name: base_139973688189840_y, low: -0.3, high: 0.3, init_value: 0.0
[2023-07-25 18:00:57,633][pybulletX.gui.control_panel][INFO] - name: base_139973688189840_z, low: 0, high: 0.3, init_value: 0.235
[2023-07-25 18:00:57,652][pybulletX.gui.control_panel][INFO] - name: base_139973688189840_euler_x, low: -3.141592653589793, high: 3.141592653589793, init_value: 0.0
[2023-07-25 18:00:57,666][pybulletX.gui.control_panel][INFO] - name: base_139973688189840_euler_y, low: -3.141592653589793, high: 3.141592653589793, init_value: -0.0
[2023-07-25 18:00:57,683][pybulletX.gui.control_panel][INFO] - name: base_139973688189840_euler_z, low: -3.141592653589793, high: 3.141592653589793, init_value: 0.0
[2023-07-25 18:04:47,454][tacto.renderer][INFO] - Loading configuration from: /home/osher/PycharmProjects/allsight_sim/experiments/../experiments/conf/sensor/config_allsight_rrrgggbbb.yml
[2023-07-25 18:04:48,277][pybulletX._wrapper][INFO] - Calling pybullet.setGravity(gravX=0, gravY=0, gravZ=-9.81, physicsClientId=0)
[2023-07-25 18:04:50,406][pybulletX.gui.control_panel][INFO] - name: base_139629708182416_x, low: -0.3, high: 0.3, init_value: 0.05
[2023-07-25 18:04:50,419][pybulletX.gui.control_panel][INFO] - name: base_139629708182416_y, low: -0.3, high: 0.3, init_value: 0.0
[2023-07-25 18:04:50,436][pybulletX.gui.control_panel][INFO] - name: base_139629708182416_z, low: 0, high: 0.3, init_value: 0.235
[2023-07-25 18:04:50,456][pybulletX.gui.control_panel][INFO] - name: base_139629708182416_euler_x, low: -3.141592653589793, high: 3.141592653589793, init_value: 0.0
[2023-07-25 18:04:50,477][pybulletX.gui.control_panel][INFO] - name: base_139629708182416_euler_y, low: -3.141592653589793, high: 3.141592653589793, init_value: -0.0
[2023-07-25 18:04:50,485][pybulletX.gui.control_panel][INFO] - name: base_139629708182416_euler_z, low: -3.141592653589793, high: 3.141592653589793, init_value: 0.0
[2023-07-26 12:11:53,308][tacto.renderer][INFO] - Loading configuration from: /home/osher/PycharmProjects/allsight_sim/experiments/../experiments/conf/sensor/config_allsight_rrrgggbbb.yml
[2023-07-26 12:11:54,121][pybulletX._wrapper][INFO] - Calling pybullet.setGravity(gravX=0, gravY=0, gravZ=-9.81, physicsClientId=0)
[2023-07-26 12:11:55,865][pybulletX.gui.control_panel][INFO] - name: base_139842717131664_x, low: -0.3, high: 0.3, init_value: 0.05
[2023-07-26 12:11:55,865][pybulletX.gui.control_panel][INFO] - name: base_139842717131664_y, low: -0.3, high: 0.3, init_value: 0.0
[2023-07-26 12:11:55,865][pybulletX.gui.control_panel][INFO] - name: base_139842717131664_z, low: 0, high: 0.3, init_value: 0.235
[2023-07-26 12:11:55,867][pybulletX.gui.control_panel][INFO] - name: base_139842717131664_euler_x, low: -3.141592653589793, high: 3.141592653589793, init_value: 0.0
[2023-07-26 12:11:55,868][pybulletX.gui.control_panel][INFO] - name: base_139842717131664_euler_y, low: -3.141592653589793, high: 3.141592653589793, init_value: -0.0
[2023-07-26 12:11:55,868][pybulletX.gui.control_panel][INFO] - name: base_139842717131664_euler_z, low: -3.141592653589793, high: 3.141592653589793, init_value: 0.0
[2023-07-26 12:12:22,975][tacto.renderer][INFO] - Loading configuration from: /home/osher/PycharmProjects/allsight_sim/experiments/../experiments/conf/sensor/config_allsight_rrrgggbbb.yml
[2023-07-26 12:12:23,741][pybulletX._wrapper][INFO] - Calling pybullet.setGravity(gravX=0, gravY=0, gravZ=-9.81, physicsClientId=0)
[2023-07-26 12:12:25,501][pybulletX.gui.control_panel][INFO] - name: base_140008748520336_x, low: -0.3, high: 0.3, init_value: 0.05
[2023-07-26 12:12:25,501][pybulletX.gui.control_panel][INFO] - name: base_140008748520336_y, low: -0.3, high: 0.3, init_value: 0.0
[2023-07-26 12:12:25,501][pybulletX.gui.control_panel][INFO] - name: base_140008748520336_z, low: 0, high: 0.3, init_value: 0.235
[2023-07-26 12:12:25,502][pybulletX.gui.control_panel][INFO] - name: base_140008748520336_euler_x, low: -3.141592653589793, high: 3.141592653589793, init_value: 0.0
[2023-07-26 12:12:25,502][pybulletX.gui.control_panel][INFO] - name: base_140008748520336_euler_y, low: -3.141592653589793, high: 3.141592653589793, init_value: -0.0
[2023-07-26 12:12:25,502][pybulletX.gui.control_panel][INFO] - name: base_140008748520336_euler_z, low: -3.141592653589793, high: 3.141592653589793, init_value: 0.0
[2023-07-26 12:50:05,179][tacto.renderer][INFO] - Loading configuration from: /home/osher/PycharmProjects/allsight_sim/experiments/../experiments/conf/sensor/config_allsight_rrrgggbbb.yml
[2023-07-26 12:50:05,936][pybulletX._wrapper][INFO] - Calling pybullet.setGravity(gravX=0, gravY=0, gravZ=-9.81, physicsClientId=0)
[2023-07-26 12:50:07,641][pybulletX.gui.control_panel][INFO] - name: base_140234015355736_x, low: -0.3, high: 0.3, init_value: 0.05
[2023-07-26 12:50:07,642][pybulletX.gui.control_panel][INFO] - name: base_140234015355736_y, low: -0.3, high: 0.3, init_value: 0.0
[2023-07-26 12:50:07,642][pybulletX.gui.control_panel][INFO] - name: base_140234015355736_z, low: 0, high: 0.3, init_value: 0.235
[2023-07-26 12:50:07,643][pybulletX.gui.control_panel][INFO] - name: base_140234015355736_euler_x, low: -3.141592653589793, high: 3.141592653589793, init_value: 0.0
[2023-07-26 12:50:07,643][pybulletX.gui.control_panel][INFO] - name: base_140234015355736_euler_y, low: -3.141592653589793, high: 3.141592653589793, init_value: -0.0
[2023-07-26 12:50:07,643][pybulletX.gui.control_panel][INFO] - name: base_140234015355736_euler_z, low: -3.141592653589793, high: 3.141592653589793, init_value: 0.0
[2023-07-26 12:51:12,879][tacto.renderer][INFO] - Loading configuration from: /home/osher/PycharmProjects/allsight_sim/experiments/../experiments/conf/sensor/config_allsight_rrrgggbbb.yml
[2023-07-26 12:51:13,636][pybulletX._wrapper][INFO] - Calling pybullet.setGravity(gravX=0, gravY=0, gravZ=-9.81, physicsClientId=0)
[2023-07-26 12:51:15,377][pybulletX.gui.control_panel][INFO] - name: base_140325179585424_x, low: -0.3, high: 0.3, init_value: 0.05
[2023-07-26 12:51:15,378][pybulletX.gui.control_panel][INFO] - name: base_140325179585424_y, low: -0.3, high: 0.3, init_value: 0.0
[2023-07-26 12:51:15,378][pybulletX.gui.control_panel][INFO] - name: base_140325179585424_z, low: 0, high: 0.3, init_value: 0.235
[2023-07-26 12:51:15,379][pybulletX.gui.control_panel][INFO] - name: base_140325179585424_euler_x, low: -3.141592653589793, high: 3.141592653589793, init_value: 0.0
[2023-07-26 12:51:15,379][pybulletX.gui.control_panel][INFO] - name: base_140325179585424_euler_y, low: -3.141592653589793, high: 3.141592653589793, init_value: -0.0
[2023-07-26 12:51:15,379][pybulletX.gui.control_panel][INFO] - name: base_140325179585424_euler_z, low: -3.141592653589793, high: 3.141592653589793, init_value: 0.0
[2023-07-26 12:52:50,903][tacto.renderer][INFO] - Loading configuration from: /home/osher/PycharmProjects/allsight_sim/experiments/../experiments/conf/sensor/config_allsight_rrrgggbbb.yml
[2023-07-26 12:52:51,657][pybulletX._wrapper][INFO] - Calling pybullet.setGravity(gravX=0, gravY=0, gravZ=-9.81, physicsClientId=0)
[2023-07-26 12:52:53,373][pybulletX.gui.control_panel][INFO] - name: base_139859584385880_x, low: -0.3, high: 0.3, init_value: 0.05
[2023-07-26 12:52:53,373][pybulletX.gui.control_panel][INFO] - name: base_139859584385880_y, low: -0.3, high: 0.3, init_value: 0.0
[2023-07-26 12:52:53,383][pybulletX.gui.control_panel][INFO] - name: base_139859584385880_z, low: 0, high: 0.3, init_value: 0.235
[2023-07-26 12:52:53,385][pybulletX.gui.control_panel][INFO] - name: base_139859584385880_euler_x, low: -3.141592653589793, high: 3.141592653589793, init_value: 0.0
[2023-07-26 12:52:53,385][pybulletX.gui.control_panel][INFO] - name: base_139859584385880_euler_y, low: -3.141592653589793, high: 3.141592653589793, init_value: -0.0
[2023-07-26 12:52:53,385][pybulletX.gui.control_panel][INFO] - name: base_139859584385880_euler_z, low: -3.141592653589793, high: 3.141592653589793, init_value: 0.0
[2023-07-26 13:01:44,876][tacto.renderer][INFO] - Loading configuration from: /home/osher/PycharmProjects/allsight_sim/experiments/../experiments/conf/sensor/config_allsight_rrrgggbbb.yml
[2023-07-26 13:01:45,650][pybulletX._wrapper][INFO] - Calling pybullet.setGravity(gravX=0, gravY=0, gravZ=-9.81, physicsClientId=0)
[2023-07-26 13:01:47,368][pybulletX.gui.control_panel][INFO] - name: base_140029168440208_x, low: -0.3, high: 0.3, init_value: 0.05
[2023-07-26 13:01:47,369][pybulletX.gui.control_panel][INFO] - name: base_140029168440208_y, low: -0.3, high: 0.3, init_value: 0.0
[2023-07-26 13:01:47,371][pybulletX.gui.control_panel][INFO] - name: base_140029168440208_z, low: 0, high: 0.3, init_value: 0.235
[2023-07-26 13:01:47,373][pybulletX.gui.control_panel][INFO] - name: base_140029168440208_euler_x, low: -3.141592653589793, high: 3.141592653589793, init_value: 0.0
[2023-07-26 13:01:47,375][pybulletX.gui.control_panel][INFO] - name: base_140029168440208_euler_y, low: -3.141592653589793, high: 3.141592653589793, init_value: -0.0
[2023-07-26 13:01:47,376][pybulletX.gui.control_panel][INFO] - name: base_140029168440208_euler_z, low: -3.141592653589793, high: 3.141592653589793, init_value: 0.0
[2023-07-26 13:02:16,416][tacto.renderer][INFO] - Loading configuration from: /home/osher/PycharmProjects/allsight_sim/experiments/../experiments/conf/sensor/config_allsight_rrrgggbbb.yml
[2023-07-26 13:02:17,180][pybulletX._wrapper][INFO] - Calling pybullet.setGravity(gravX=0, gravY=0, gravZ=-9.81, physicsClientId=0)
[2023-07-26 13:02:18,892][pybulletX.gui.control_panel][INFO] - name: base_140199616426952_x, low: -0.3, high: 0.3, init_value: 0.05
[2023-07-26 13:02:18,892][pybulletX.gui.control_panel][INFO] - name: base_140199616426952_y, low: -0.3, high: 0.3, init_value: 0.0
[2023-07-26 13:02:18,892][pybulletX.gui.control_panel][INFO] - name: base_140199616426952_z, low: 0, high: 0.3, init_value: 0.235
[2023-07-26 13:02:18,893][pybulletX.gui.control_panel][INFO] - name: base_140199616426952_euler_x, low: -3.141592653589793, high: 3.141592653589793, init_value: 0.0
[2023-07-26 13:02:18,896][pybulletX.gui.control_panel][INFO] - name: base_140199616426952_euler_y, low: -3.141592653589793, high: 3.141592653589793, init_value: -0.0
[2023-07-26 13:02:18,896][pybulletX.gui.control_panel][INFO] - name: base_140199616426952_euler_z, low: -3.141592653589793, high: 3.141592653589793, init_value: 0.0
[2023-07-26 13:03:25,136][tacto.renderer][INFO] - Loading configuration from: /home/osher/PycharmProjects/allsight_sim/experiments/../experiments/conf/sensor/config_allsight_rrrgggbbb.yml
[2023-07-26 13:03:25,889][pybulletX._wrapper][INFO] - Calling pybullet.setGravity(gravX=0, gravY=0, gravZ=-9.81, physicsClientId=0)
[2023-07-26 13:03:27,610][pybulletX.gui.control_panel][INFO] - name: base_140597109707664_x, low: -0.3, high: 0.3, init_value: 0.05
[2023-07-26 13:03:27,610][pybulletX.gui.control_panel][INFO] - name: base_140597109707664_y, low: -0.3, high: 0.3, init_value: 0.0
[2023-07-26 13:03:27,610][pybulletX.gui.control_panel][INFO] - name: base_140597109707664_z, low: 0, high: 0.3, init_value: 0.235
[2023-07-26 13:03:27,612][pybulletX.gui.control_panel][INFO] - name: base_140597109707664_euler_x, low: -3.141592653589793, high: 3.141592653589793, init_value: 0.0
[2023-07-26 13:03:27,614][pybulletX.gui.control_panel][INFO] - name: base_140597109707664_euler_y, low: -3.141592653589793, high: 3.141592653589793, init_value: -0.0
[2023-07-26 13:03:27,614][pybulletX.gui.control_panel][INFO] - name: base_140597109707664_euler_z, low: -3.141592653589793, high: 3.141592653589793, init_value: 0.0
[2023-07-26 13:03:49,388][tacto.renderer][INFO] - Loading configuration from: /home/osher/PycharmProjects/allsight_sim/experiments/../experiments/conf/sensor/config_allsight_rrrgggbbb.yml
[2023-07-26 13:03:50,170][pybulletX._wrapper][INFO] - Calling pybullet.setGravity(gravX=0, gravY=0, gravZ=-9.81, physicsClientId=0)
[2023-07-26 13:03:51,904][pybulletX.gui.control_panel][INFO] - name: base_140014391075784_x, low: -0.3, high: 0.3, init_value: 0.05
[2023-07-26 13:03:51,905][pybulletX.gui.control_panel][INFO] - name: base_140014391075784_y, low: -0.3, high: 0.3, init_value: 0.0
[2023-07-26 13:03:51,906][pybulletX.gui.control_panel][INFO] - name: base_140014391075784_z, low: 0, high: 0.3, init_value: 0.235
[2023-07-26 13:03:51,907][pybulletX.gui.control_panel][INFO] - name: base_140014391075784_euler_x, low: -3.141592653589793, high: 3.141592653589793, init_value: 0.0
[2023-07-26 13:03:51,907][pybulletX.gui.control_panel][INFO] - name: base_140014391075784_euler_y, low: -3.141592653589793, high: 3.141592653589793, init_value: -0.0
[2023-07-26 13:03:51,907][pybulletX.gui.control_panel][INFO] - name: base_140014391075784_euler_z, low: -3.141592653589793, high: 3.141592653589793, init_value: 0.0
[2023-07-26 13:04:35,119][tacto.renderer][INFO] - Loading configuration from: /home/osher/PycharmProjects/allsight_sim/experiments/../experiments/conf/sensor/config_allsight_rrrgggbbb.yml
[2023-07-26 13:04:35,886][pybulletX._wrapper][INFO] - Calling pybullet.setGravity(gravX=0, gravY=0, gravZ=-9.81, physicsClientId=0)
[2023-07-26 13:04:37,604][pybulletX.gui.control_panel][INFO] - name: base_139770479043472_x, low: -0.3, high: 0.3, init_value: 0.05
[2023-07-26 13:04:37,606][pybulletX.gui.control_panel][INFO] - name: base_139770479043472_y, low: -0.3, high: 0.3, init_value: 0.0
[2023-07-26 13:04:37,606][pybulletX.gui.control_panel][INFO] - name: base_139770479043472_z, low: 0, high: 0.3, init_value: 0.235
[2023-07-26 13:04:37,607][pybulletX.gui.control_panel][INFO] - name: base_139770479043472_euler_x, low: -3.141592653589793, high: 3.141592653589793, init_value: 0.0
[2023-07-26 13:04:37,607][pybulletX.gui.control_panel][INFO] - name: base_139770479043472_euler_y, low: -3.141592653589793, high: 3.141592653589793, init_value: -0.0
[2023-07-26 13:04:37,607][pybulletX.gui.control_panel][INFO] - name: base_139770479043472_euler_z, low: -3.141592653589793, high: 3.141592653589793, init_value: 0.0
[2023-07-26 13:05:31,849][tacto.renderer][INFO] - Loading configuration from: /home/osher/PycharmProjects/allsight_sim/experiments/../experiments/conf/sensor/config_allsight_rrrgggbbb.yml
[2023-07-26 13:05:32,605][pybulletX._wrapper][INFO] - Calling pybullet.setGravity(gravX=0, gravY=0, gravZ=-9.81, physicsClientId=0)
[2023-07-26 13:05:34,374][pybulletX.gui.control_panel][INFO] - name: base_140652273820560_x, low: -0.3, high: 0.3, init_value: 0.05
[2023-07-26 13:05:34,376][pybulletX.gui.control_panel][INFO] - name: base_140652273820560_y, low: -0.3, high: 0.3, init_value: 0.0
[2023-07-26 13:05:34,376][pybulletX.gui.control_panel][INFO] - name: base_140652273820560_z, low: 0, high: 0.3, init_value: 0.235
[2023-07-26 13:05:34,377][pybulletX.gui.control_panel][INFO] - name: base_140652273820560_euler_x, low: -3.141592653589793, high: 3.141592653589793, init_value: 0.0
[2023-07-26 13:05:34,379][pybulletX.gui.control_panel][INFO] - name: base_140652273820560_euler_y, low: -3.141592653589793, high: 3.141592653589793, init_value: -0.0
[2023-07-26 13:05:34,379][pybulletX.gui.control_panel][INFO] - name: base_140652273820560_euler_z, low: -3.141592653589793, high: 3.141592653589793, init_value: 0.0
[2023-07-26 13:08:53,155][tacto.renderer][INFO] - Loading configuration from: /home/osher/PycharmProjects/allsight_sim/experiments/../experiments/conf/sensor/config_allsight_rrrgggbbb.yml
[2023-07-26 13:08:53,911][pybulletX._wrapper][INFO] - Calling pybullet.setGravity(gravX=0, gravY=0, gravZ=-9.81, physicsClientId=0)
[2023-07-26 13:08:55,643][pybulletX.gui.control_panel][INFO] - name: base_140686922113936_x, low: -0.3, high: 0.3, init_value: 0.05
[2023-07-26 13:08:55,644][pybulletX.gui.control_panel][INFO] - name: base_140686922113936_y, low: -0.3, high: 0.3, init_value: 0.0
[2023-07-26 13:08:55,644][pybulletX.gui.control_panel][INFO] - name: base_140686922113936_z, low: 0, high: 0.3, init_value: 0.235
[2023-07-26 13:08:55,645][pybulletX.gui.control_panel][INFO] - name: base_140686922113936_euler_x, low: -3.141592653589793, high: 3.141592653589793, init_value: 0.0
[2023-07-26 13:08:55,645][pybulletX.gui.control_panel][INFO] - name: base_140686922113936_euler_y, low: -3.141592653589793, high: 3.141592653589793, init_value: -0.0
[2023-07-26 13:08:55,645][pybulletX.gui.control_panel][INFO] - name: base_140686922113936_euler_z, low: -3.141592653589793, high: 3.141592653589793, init_value: 0.0
[2023-07-26 13:11:22,309][tacto.renderer][INFO] - Loading configuration from: /home/osher/PycharmProjects/allsight_sim/experiments/../experiments/conf/sensor/config_allsight_rrrgggbbb.yml
[2023-07-26 13:11:23,092][pybulletX._wrapper][INFO] - Calling pybullet.setGravity(gravX=0, gravY=0, gravZ=-9.81, physicsClientId=0)
[2023-07-26 13:11:24,833][pybulletX.gui.control_panel][INFO] - name: base_139902578508576_x, low: -0.3, high: 0.3, init_value: 0.05
[2023-07-26 13:11:24,833][pybulletX.gui.control_panel][INFO] - name: base_139902578508576_y, low: -0.3, high: 0.3, init_value: 0.0
[2023-07-26 13:11:24,833][pybulletX.gui.control_panel][INFO] - name: base_139902578508576_z, low: 0, high: 0.3, init_value: 0.235
[2023-07-26 13:11:24,834][pybulletX.gui.control_panel][INFO] - name: base_139902578508576_euler_x, low: -3.141592653589793, high: 3.141592653589793, init_value: 0.0
[2023-07-26 13:11:24,834][pybulletX.gui.control_panel][INFO] - name: base_139902578508576_euler_y, low: -3.141592653589793, high: 3.141592653589793, init_value: -0.0
[2023-07-26 13:11:24,834][pybulletX.gui.control_panel][INFO] - name: base_139902578508576_euler_z, low: -3.141592653589793, high: 3.141592653589793, init_value: 0.0
[2023-07-26 13:11:38,982][tacto.renderer][INFO] - Loading configuration from: /home/osher/PycharmProjects/allsight_sim/experiments/../experiments/conf/sensor/config_allsight_rrrgggbbb.yml
[2023-07-26 13:11:39,759][pybulletX._wrapper][INFO] - Calling pybullet.setGravity(gravX=0, gravY=0, gravZ=-9.81, physicsClientId=0)
[2023-07-26 13:11:41,505][pybulletX.gui.control_panel][INFO] - name: base_140194636751648_x, low: -0.3, high: 0.3, init_value: 0.05
[2023-07-26 13:11:41,505][pybulletX.gui.control_panel][INFO] - name: base_140194636751648_y, low: -0.3, high: 0.3, init_value: 0.0
[2023-07-26 13:11:41,505][pybulletX.gui.control_panel][INFO] - name: base_140194636751648_z, low: 0, high: 0.3, init_value: 0.235
[2023-07-26 13:11:41,506][pybulletX.gui.control_panel][INFO] - name: base_140194636751648_euler_x, low: -3.141592653589793, high: 3.141592653589793, init_value: 0.0
[2023-07-26 13:11:41,507][pybulletX.gui.control_panel][INFO] - name: base_140194636751648_euler_y, low: -3.141592653589793, high: 3.141592653589793, init_value: -0.0
[2023-07-26 13:11:41,507][pybulletX.gui.control_panel][INFO] - name: base_140194636751648_euler_z, low: -3.141592653589793, high: 3.141592653589793, init_value: 0.0
[2023-07-26 13:16:20,036][tacto.renderer][INFO] - Loading configuration from: /home/osher/PycharmProjects/allsight_sim/experiments/../experiments/conf/sensor/config_allsight_rrrgggbbb.yml
[2023-07-26 13:16:20,813][pybulletX._wrapper][INFO] - Calling pybullet.setGravity(gravX=0, gravY=0, gravZ=-9.81, physicsClientId=0)
[2023-07-26 13:16:22,563][pybulletX.gui.control_panel][INFO] - name: base_140471741006736_x, low: -0.3, high: 0.3, init_value: 0.05
[2023-07-26 13:16:22,563][pybulletX.gui.control_panel][INFO] - name: base_140471741006736_y, low: -0.3, high: 0.3, init_value: 0.0
[2023-07-26 13:16:22,564][pybulletX.gui.control_panel][INFO] - name: base_140471741006736_z, low: 0, high: 0.3, init_value: 0.235
[2023-07-26 13:16:22,565][pybulletX.gui.control_panel][INFO] - name: base_140471741006736_euler_x, low: -3.141592653589793, high: 3.141592653589793, init_value: 0.0
[2023-07-26 13:16:22,567][pybulletX.gui.control_panel][INFO] - name: base_140471741006736_euler_y, low: -3.141592653589793, high: 3.141592653589793, init_value: -0.0
[2023-07-26 13:16:22,567][pybulletX.gui.control_panel][INFO] - name: base_140471741006736_euler_z, low: -3.141592653589793, high: 3.141592653589793, init_value: 0.0
[2023-07-26 13:18:41,164][tacto.renderer][INFO] - Loading configuration from: /home/osher/PycharmProjects/allsight_sim/experiments/../experiments/conf/sensor/config_allsight_rrrgggbbb.yml
[2023-07-26 13:18:42,045][pybulletX._wrapper][INFO] - Calling pybullet.setGravity(gravX=0, gravY=0, gravZ=-9.81, physicsClientId=0)
[2023-07-26 13:18:51,605][tacto.renderer][INFO] - Loading configuration from: /home/osher/PycharmProjects/allsight_sim/experiments/../experiments/conf/sensor/config_allsight_rrrgggbbb.yml
[2023-07-26 13:18:52,394][pybulletX._wrapper][INFO] - Calling pybullet.setGravity(gravX=0, gravY=0, gravZ=-9.81, physicsClientId=0)
[2023-07-26 13:18:54,198][pybulletX.gui.control_panel][INFO] - name: base_139830257636240_x, low: -0.3, high: 0.3, init_value: 0.05
[2023-07-26 13:18:54,199][pybulletX.gui.control_panel][INFO] - name: base_139830257636240_y, low: -0.3, high: 0.3, init_value: 0.0
[2023-07-26 13:18:54,199][pybulletX.gui.control_panel][INFO] - name: base_139830257636240_z, low: 0, high: 0.3, init_value: 0.235
[2023-07-26 13:18:54,201][pybulletX.gui.control_panel][INFO] - name: base_139830257636240_euler_x, low: -3.141592653589793, high: 3.141592653589793, init_value: 0.0
[2023-07-26 13:18:54,201][pybulletX.gui.control_panel][INFO] - name: base_139830257636240_euler_y, low: -3.141592653589793, high: 3.141592653589793, init_value: -0.0
[2023-07-26 13:18:54,201][pybulletX.gui.control_panel][INFO] - name: base_139830257636240_euler_z, low: -3.141592653589793, high: 3.141592653589793, init_value: 0.0
[2023-07-26 13:19:01,335][tacto.renderer][INFO] - Loading configuration from: /home/osher/PycharmProjects/allsight_sim/experiments/../experiments/conf/sensor/config_allsight_rrrgggbbb.yml
[2023-07-26 13:19:02,097][pybulletX._wrapper][INFO] - Calling pybullet.setGravity(gravX=0, gravY=0, gravZ=-9.81, physicsClientId=0)
[2023-07-26 13:19:03,972][pybulletX.gui.control_panel][INFO] - name: base_140499227407248_x, low: -0.3, high: 0.3, init_value: 0.05
[2023-07-26 13:19:03,973][pybulletX.gui.control_panel][INFO] - name: base_140499227407248_y, low: -0.3, high: 0.3, init_value: 0.0
[2023-07-26 13:19:03,973][pybulletX.gui.control_panel][INFO] - name: base_140499227407248_z, low: 0, high: 0.3, init_value: 0.235
[2023-07-26 13:19:03,974][pybulletX.gui.control_panel][INFO] - name: base_140499227407248_euler_x, low: -3.141592653589793, high: 3.141592653589793, init_value: 0.0
[2023-07-26 13:19:03,977][pybulletX.gui.control_panel][INFO] - name: base_140499227407248_euler_y, low: -3.141592653589793, high: 3.141592653589793, init_value: -0.0
[2023-07-26 13:19:03,977][pybulletX.gui.control_panel][INFO] - name: base_140499227407248_euler_z, low: -3.141592653589793, high: 3.141592653589793, init_value: 0.0
[2023-07-27 11:35:15,064][tacto.renderer][INFO] - Loading configuration from: /home/osher/PycharmProjects/allsight_sim/experiments/../experiments/conf/sensor/config_allsight_rrrgggbbb.yml
[2023-07-27 11:35:16,099][pybulletX._wrapper][INFO] - Calling pybullet.setGravity(gravX=0, gravY=0, gravZ=-9.81, physicsClientId=0)
[2023-07-27 11:35:18,155][pybulletX.gui.control_panel][INFO] - name: base_140298171450256_x, low: -0.3, high: 0.3, init_value: 0.05
[2023-07-27 11:35:18,166][pybulletX.gui.control_panel][INFO] - name: base_140298171450256_y, low: -0.3, high: 0.3, init_value: 0.0
[2023-07-27 11:35:18,183][pybulletX.gui.control_panel][INFO] - name: base_140298171450256_z, low: 0, high: 0.3, init_value: 0.235
[2023-07-27 11:35:18,201][pybulletX.gui.control_panel][INFO] - name: base_140298171450256_euler_x, low: -3.141592653589793, high: 3.141592653589793, init_value: 0.0
[2023-07-27 11:35:18,216][pybulletX.gui.control_panel][INFO] - name: base_140298171450256_euler_y, low: -3.141592653589793, high: 3.141592653589793, init_value: -0.0
[2023-07-27 11:35:18,233][pybulletX.gui.control_panel][INFO] - name: base_140298171450256_euler_z, low: -3.141592653589793, high: 3.141592653589793, init_value: 0.0
[2023-07-27 11:36:47,927][tacto.renderer][INFO] - Loading configuration from: /home/osher/PycharmProjects/allsight_sim/experiments/../experiments/conf/sensor/config_allsight_rrrgggbbb.yml
[2023-07-27 11:36:48,880][pybulletX._wrapper][INFO] - Calling pybullet.setGravity(gravX=0, gravY=0, gravZ=-9.81, physicsClientId=0)
[2023-07-27 11:36:51,017][pybulletX.gui.control_panel][INFO] - name: base_139643451958160_x, low: -0.3, high: 0.3, init_value: 0.05
[2023-07-27 11:36:51,034][pybulletX.gui.control_panel][INFO] - name: base_139643451958160_y, low: -0.3, high: 0.3, init_value: 0.0
[2023-07-27 11:36:51,051][pybulletX.gui.control_panel][INFO] - name: base_139643451958160_z, low: 0, high: 0.3, init_value: 0.235
[2023-07-27 11:36:51,068][pybulletX.gui.control_panel][INFO] - name: base_139643451958160_euler_x, low: -3.141592653589793, high: 3.141592653589793, init_value: 0.0
[2023-07-27 11:36:51,084][pybulletX.gui.control_panel][INFO] - name: base_139643451958160_euler_y, low: -3.141592653589793, high: 3.141592653589793, init_value: -0.0
[2023-07-27 11:36:51,101][pybulletX.gui.control_panel][INFO] - name: base_139643451958160_euler_z, low: -3.141592653589793, high: 3.141592653589793, init_value: 0.0
[2023-07-27 11:37:27,211][tacto.renderer][INFO] - Loading configuration from: /home/osher/PycharmProjects/allsight_sim/experiments/../experiments/conf/sensor/config_allsight_rrrgggbbb.yml
[2023-07-27 11:37:28,130][pybulletX._wrapper][INFO] - Calling pybullet.setGravity(gravX=0, gravY=0, gravZ=-9.81, physicsClientId=0)
[2023-07-27 11:37:30,285][pybulletX.gui.control_panel][INFO] - name: base_139714521920400_x, low: -0.3, high: 0.3, init_value: 0.05
[2023-07-27 11:37:30,301][pybulletX.gui.control_panel][INFO] - name: base_139714521920400_y, low: -0.3, high: 0.3, init_value: 0.0
[2023-07-27 11:37:30,318][pybulletX.gui.control_panel][INFO] - name: base_139714521920400_z, low: 0, high: 0.3, init_value: 0.235
[2023-07-27 11:37:30,336][pybulletX.gui.control_panel][INFO] - name: base_139714521920400_euler_x, low: -3.141592653589793, high: 3.141592653589793, init_value: 0.0
[2023-07-27 11:37:30,351][pybulletX.gui.control_panel][INFO] - name: base_139714521920400_euler_y, low: -3.141592653589793, high: 3.141592653589793, init_value: -0.0
[2023-07-27 11:37:30,368][pybulletX.gui.control_panel][INFO] - name: base_139714521920400_euler_z, low: -3.141592653589793, high: 3.141592653589793, init_value: 0.0
[2023-07-27 11:37:57,399][tacto.renderer][INFO] - Loading configuration from: /home/osher/PycharmProjects/allsight_sim/experiments/../experiments/conf/sensor/config_allsight_rrrgggbbb.yml
[2023-07-27 11:37:58,361][pybulletX._wrapper][INFO] - Calling pybullet.setGravity(gravX=0, gravY=0, gravZ=-9.81, physicsClientId=0)
[2023-07-27 11:38:00,519][pybulletX.gui.control_panel][INFO] - name: base_139712018187152_x, low: -0.3, high: 0.3, init_value: 0.05
[2023-07-27 11:38:00,535][pybulletX.gui.control_panel][INFO] - name: base_139712018187152_y, low: -0.3, high: 0.3, init_value: 0.0
[2023-07-27 11:38:00,551][pybulletX.gui.control_panel][INFO] - name: base_139712018187152_z, low: 0, high: 0.3, init_value: 0.235
[2023-07-27 11:38:00,569][pybulletX.gui.control_panel][INFO] - name: base_139712018187152_euler_x, low: -3.141592653589793, high: 3.141592653589793, init_value: 0.0
[2023-07-27 11:38:00,585][pybulletX.gui.control_panel][INFO] - name: base_139712018187152_euler_y, low: -3.141592653589793, high: 3.141592653589793, init_value: -0.0
[2023-07-27 11:38:00,609][pybulletX.gui.control_panel][INFO] - name: base_139712018187152_euler_z, low: -3.141592653589793, high: 3.141592653589793, init_value: 0.0
[2023-07-27 11:38:35,800][tacto.renderer][INFO] - Loading configuration from: /home/osher/PycharmProjects/allsight_sim/experiments/../experiments/conf/sensor/config_allsight_rrrgggbbb.yml
[2023-07-27 11:38:36,801][pybulletX._wrapper][INFO] - Calling pybullet.setGravity(gravX=0, gravY=0, gravZ=-9.81, physicsClientId=0)
[2023-07-27 11:38:38,919][pybulletX.gui.control_panel][INFO] - name: base_139972932899728_x, low: -0.3, high: 0.3, init_value: 0.05
[2023-07-27 11:38:38,935][pybulletX.gui.control_panel][INFO] - name: base_139972932899728_y, low: -0.3, high: 0.3, init_value: 0.0
[2023-07-27 11:38:38,952][pybulletX.gui.control_panel][INFO] - name: base_139972932899728_z, low: 0, high: 0.3, init_value: 0.235
[2023-07-27 11:38:38,970][pybulletX.gui.control_panel][INFO] - name: base_139972932899728_euler_x, low: -3.141592653589793, high: 3.141592653589793, init_value: 0.0
[2023-07-27 11:38:38,985][pybulletX.gui.control_panel][INFO] - name: base_139972932899728_euler_y, low: -3.141592653589793, high: 3.141592653589793, init_value: -0.0
[2023-07-27 11:38:39,016][pybulletX.gui.control_panel][INFO] - name: base_139972932899728_euler_z, low: -3.141592653589793, high: 3.141592653589793, init_value: 0.0
[2023-07-27 11:38:52,390][tacto.renderer][INFO] - Loading configuration from: /home/osher/PycharmProjects/allsight_sim/experiments/../experiments/conf/sensor/config_allsight_rrrgggbbb.yml
[2023-07-27 11:38:53,370][pybulletX._wrapper][INFO] - Calling pybullet.setGravity(gravX=0, gravY=0, gravZ=-9.81, physicsClientId=0)
[2023-07-27 11:38:55,435][pybulletX.gui.control_panel][INFO] - name: base_140568301372304_x, low: -0.3, high: 0.3, init_value: 0.05
[2023-07-27 11:38:55,451][pybulletX.gui.control_panel][INFO] - name: base_140568301372304_y, low: -0.3, high: 0.3, init_value: 0.0
[2023-07-27 11:38:55,468][pybulletX.gui.control_panel][INFO] - name: base_140568301372304_z, low: 0, high: 0.3, init_value: 0.235
[2023-07-27 11:38:55,485][pybulletX.gui.control_panel][INFO] - name: base_140568301372304_euler_x, low: -3.141592653589793, high: 3.141592653589793, init_value: 0.0
[2023-07-27 11:38:55,502][pybulletX.gui.control_panel][INFO] - name: base_140568301372304_euler_y, low: -3.141592653589793, high: 3.141592653589793, init_value: -0.0
[2023-07-27 11:38:55,518][pybulletX.gui.control_panel][INFO] - name: base_140568301372304_euler_z, low: -3.141592653589793, high: 3.141592653589793, init_value: 0.0
[2023-07-27 11:39:26,210][tacto.renderer][INFO] - Loading configuration from: /home/osher/PycharmProjects/allsight_sim/experiments/../experiments/conf/sensor/config_allsight_rrrgggbbb.yml
[2023-07-27 11:39:27,232][pybulletX._wrapper][INFO] - Calling pybullet.setGravity(gravX=0, gravY=0, gravZ=-9.81, physicsClientId=0)
[2023-07-27 11:39:29,302][pybulletX.gui.control_panel][INFO] - name: base_140117431763856_x, low: -0.3, high: 0.3, init_value: 0.05
[2023-07-27 11:39:29,318][pybulletX.gui.control_panel][INFO] - name: base_140117431763856_y, low: -0.3, high: 0.3, init_value: 0.0
[2023-07-27 11:39:29,335][pybulletX.gui.control_panel][INFO] - name: base_140117431763856_z, low: 0, high: 0.3, init_value: 0.235
[2023-07-27 11:39:29,352][pybulletX.gui.control_panel][INFO] - name: base_140117431763856_euler_x, low: -3.141592653589793, high: 3.141592653589793, init_value: 0.0
[2023-07-27 11:39:29,368][pybulletX.gui.control_panel][INFO] - name: base_140117431763856_euler_y, low: -3.141592653589793, high: 3.141592653589793, init_value: -0.0
[2023-07-27 11:39:29,385][pybulletX.gui.control_panel][INFO] - name: base_140117431763856_euler_z, low: -3.141592653589793, high: 3.141592653589793, init_value: 0.0
[2023-07-27 11:39:49,023][tacto.renderer][INFO] - Loading configuration from: /home/osher/PycharmProjects/allsight_sim/experiments/../experiments/conf/sensor/config_allsight_rrrgggbbb.yml
[2023-07-27 11:39:50,001][pybulletX._wrapper][INFO] - Calling pybullet.setGravity(gravX=0, gravY=0, gravZ=-9.81, physicsClientId=0)
[2023-07-27 11:39:52,069][pybulletX.gui.control_panel][INFO] - name: base_140561759777680_x, low: -0.3, high: 0.3, init_value: 0.05
[2023-07-27 11:39:52,086][pybulletX.gui.control_panel][INFO] - name: base_140561759777680_y, low: -0.3, high: 0.3, init_value: 0.0
[2023-07-27 11:39:52,102][pybulletX.gui.control_panel][INFO] - name: base_140561759777680_z, low: 0, high: 0.3, init_value: 0.235
[2023-07-27 11:39:52,120][pybulletX.gui.control_panel][INFO] - name: base_140561759777680_euler_x, low: -3.141592653589793, high: 3.141592653589793, init_value: 0.0
[2023-07-27 11:39:52,135][pybulletX.gui.control_panel][INFO] - name: base_140561759777680_euler_y, low: -3.141592653589793, high: 3.141592653589793, init_value: -0.0
[2023-07-27 11:39:52,152][pybulletX.gui.control_panel][INFO] - name: base_140561759777680_euler_z, low: -3.141592653589793, high: 3.141592653589793, init_value: 0.0
[2023-07-27 11:39:56,864][tacto.renderer][INFO] - Loading configuration from: /home/osher/PycharmProjects/allsight_sim/experiments/../experiments/conf/sensor/config_allsight_rrrgggbbb.yml
[2023-07-27 11:39:57,895][pybulletX._wrapper][INFO] - Calling pybullet.setGravity(gravX=0, gravY=0, gravZ=-9.81, physicsClientId=0)
[2023-07-27 11:40:00,036][pybulletX.gui.control_panel][INFO] - name: base_139767738807072_x, low: -0.3, high: 0.3, init_value: 0.05
[2023-07-27 11:40:00,052][pybulletX.gui.control_panel][INFO] - name: base_139767738807072_y, low: -0.3, high: 0.3, init_value: 0.0
[2023-07-27 11:40:00,069][pybulletX.gui.control_panel][INFO] - name: base_139767738807072_z, low: 0, high: 0.3, init_value: 0.235
[2023-07-27 11:40:00,087][pybulletX.gui.control_panel][INFO] - name: base_139767738807072_euler_x, low: -3.141592653589793, high: 3.141592653589793, init_value: 0.0
[2023-07-27 11:40:00,102][pybulletX.gui.control_panel][INFO] - name: base_139767738807072_euler_y, low: -3.141592653589793, high: 3.141592653589793, init_value: -0.0
[2023-07-27 11:40:00,119][pybulletX.gui.control_panel][INFO] - name: base_139767738807072_euler_z, low: -3.141592653589793, high: 3.141592653589793, init_value: 0.0
[2023-07-27 11:40:31,121][tacto.renderer][INFO] - Loading configuration from: /home/osher/PycharmProjects/allsight_sim/experiments/../experiments/conf/sensor/config_allsight_rrrgggbbb.yml
[2023-07-27 11:40:32,063][pybulletX._wrapper][INFO] - Calling pybullet.setGravity(gravX=0, gravY=0, gravZ=-9.81, physicsClientId=0)
[2023-07-27 11:40:34,155][pybulletX.gui.control_panel][INFO] - name: base_139700177421200_x, low: -0.3, high: 0.3, init_value: 0.05
[2023-07-27 11:40:34,169][pybulletX.gui.control_panel][INFO] - name: base_139700177421200_y, low: -0.3, high: 0.3, init_value: 0.0
[2023-07-27 11:40:34,186][pybulletX.gui.control_panel][INFO] - name: base_139700177421200_z, low: 0, high: 0.3, init_value: 0.235
[2023-07-27 11:40:34,203][pybulletX.gui.control_panel][INFO] - name: base_139700177421200_euler_x, low: -3.141592653589793, high: 3.141592653589793, init_value: 0.0
[2023-07-27 11:40:34,219][pybulletX.gui.control_panel][INFO] - name: base_139700177421200_euler_y, low: -3.141592653589793, high: 3.141592653589793, init_value: -0.0
[2023-07-27 11:40:34,236][pybulletX.gui.control_panel][INFO] - name: base_139700177421200_euler_z, low: -3.141592653589793, high: 3.141592653589793, init_value: 0.0
